
> angular-notes@0.0.0 build
> ng build

[33m‚ùØ[39m Building...
[32m‚úî[39m Building...
Application bundle generation failed. [11.777 seconds] - 2026-01-25T07:23:01.644Z

[1m[33m[33m‚ñ≤ [43;33m[[43;30mWARNING[43;33m][0m [1mNG8113: NgxGradientTextComponent is not used within the template of AnalyticsPanelComponent[0m [1m[35m[plugin angular-compiler][0m

    src/app/components/analytics-panel/analytics-panel.component.ts:19:8:
[37m      19 ‚îÇ         [32mNgxGradientTextComponent[37m,
         ‚ïµ         [32m~~~~~~~~~~~~~~~~~~~~~~~~[0m


[33m‚ñ≤ [43;33m[[43;30mWARNING[43;33m][0m [1mNG8113: NgxGradientTextComponent is not used within the template of FlowScoreComponent[0m [1m[35m[plugin angular-compiler][0m

    src/app/components/analytics-panel/flow-score/flow-score.component.ts:72:75:
[37m      72 ‚îÇ ...ngularModule, NgxNumberTickerComponent, [32mNgxGradientTextComponent[37m],
         ‚ïµ                                            [32m~~~~~~~~~~~~~~~~~~~~~~~~[0m

[39m[22m
[1m[31m[31mX [41;31m[[41;97mERROR[41;31m][0m [1mTS2307: Cannot find module './calendar-grid/day-cell.component' or its corresponding type declarations.[0m [1m[35m[plugin angular-compiler][0m

    src/app/components/fantasy-calendar/index.ts:3:14:
[37m      3 ‚îÇ export * from [32m'./calendar-grid/day-cell.component'[37m;
        ‚ïµ               [32m~~~~~~~~~~~~~~~~~~~~~~~~~~~~~~~~~~~~[0m


[31mX [41;31m[[41;97mERROR[41;31m][0m [1mTS2307: Cannot find module './calendar-grid/event-card.component' or its corresponding type declarations.[0m [1m[35m[plugin angular-compiler][0m

    src/app/components/fantasy-calendar/index.ts:4:14:
[37m      4 ‚îÇ export * from [32m'./calendar-grid/event-card.component'[37m;
        ‚ïµ               [32m~~~~~~~~~~~~~~~~~~~~~~~~~~~~~~~~~~~~~~[0m

[39m[22m
